# JRE version: Java(TM) SE Runtime Environment (7.0_80-b15) (build 1.7.0_80-b15)
# Java VM: Java HotSpot(TM) 64-Bit Server VM (24.80-b11 mixed mode windows-amd64 compressed oops)
Heap
 PSYoungGen      total 1149440K, used 994994K [0x00000007aba80000, 0x0000000800000000, 0x0000000800000000)
  eden space 916992K, 84% used [0x00000007aba80000,0x00000007daf16858,0x00000007e3a00000)
  from space 232448K, 94% used [0x00000007e3a00000,0x00000007f1116350,0x00000007f1d00000)
  to   space 232448K, 0% used [0x00000007f1d00000,0x00000007f1d00000,0x0000000800000000)
 ParOldGen       total 769536K, used 769032K [0x0000000703000000, 0x0000000731f80000, 0x00000007aba80000)
  object space 769536K, 99% used [0x0000000703000000,0x0000000731f02088,0x0000000731f80000)
 PSPermGen       total 83968K, used 58399K [0x00000006fde00000, 0x0000000703000000, 0x0000000703000000)
  object space 83968K, 69% used [0x00000006fde00000,0x0000000701707dc8,0x0000000703000000)
GC Heap History (10 events):
Event: 48.979 GC heap before
{Heap before GC invocations=23 (full 3):
 PSYoungGen      total 1121792K, used 178272K [0x00000007aba80000, 0x0000000800000000, 0x0000000800000000)
  eden space 922112K, 0% used [0x00000007aba80000,0x00000007aba80000,0x00000007e3f00000)
  from space 199680K, 89% used [0x00000007f3d00000,0x00000007feb182d0,0x0000000800000000)
  to   space 229888K, 0% used [0x00000007e3f00000,0x00000007e3f00000,0x00000007f1f80000)
 ParOldGen       total 769536K, used 539358K [0x0000000703000000, 0x0000000731f80000, 0x00000007aba80000)
  object space 769536K, 70% used [0x0000000703000000,0x0000000723eb79f0,0x0000000731f80000)
 PSPermGen       total 81920K, used 36877K [0x00000006fde00000, 0x0000000702e00000, 0x0000000703000000)
  object space 81920K, 45% used [0x00000006fde00000,0x0000000700203460,0x0000000702e00000)
Event: 49.466 GC heap after
Heap after GC invocations=23 (full 3):
 PSYoungGen      total 1121792K, used 0K [0x00000007aba80000, 0x0000000800000000, 0x0000000800000000)
  eden space 922112K, 0% used [0x00000007aba80000,0x00000007aba80000,0x00000007e3f00000)
  from space 199680K, 0% used [0x00000007f3d00000,0x00000007f3d00000,0x0000000800000000)
  to   space 229888K, 0% used [0x00000007e3f00000,0x00000007e3f00000,0x00000007f1f80000)
 ParOldGen       total 769536K, used 611499K [0x0000000703000000, 0x0000000731f80000, 0x00000007aba80000)
  object space 769536K, 79% used [0x0000000703000000,0x000000072852ade8,0x0000000731f80000)
 PSPermGen       total 79360K, used 36876K [0x00000006fde00000, 0x0000000702b80000, 0x0000000703000000)
  object space 79360K, 46% used [0x00000006fde00000,0x00000007002032e0,0x0000000702b80000)
}
Event: 50.690 GC heap before
{Heap before GC invocations=24 (full 3):
 PSYoungGen      total 1121792K, used 922112K [0x00000007aba80000, 0x0000000800000000, 0x0000000800000000)
  eden space 922112K, 100% used [0x00000007aba80000,0x00000007e3f00000,0x00000007e3f00000)
  from space 199680K, 0% used [0x00000007f3d00000,0x00000007f3d00000,0x0000000800000000)
  to   space 229888K, 0% used [0x00000007e3f00000,0x00000007e3f00000,0x00000007f1f80000)
 ParOldGen       total 769536K, used 611499K [0x0000000703000000, 0x0000000731f80000, 0x00000007aba80000)
  object space 769536K, 79% used [0x0000000703000000,0x000000072852ade8,0x0000000731f80000)
 PSPermGen       total 79360K, used 37532K [0x00000006fde00000, 0x0000000702b80000, 0x0000000703000000)
  object space 79360K, 47% used [0x00000006fde00000,0x00000007002a7168,0x0000000702b80000)
Event: 50.742 GC heap after
Heap after GC invocations=24 (full 3):
 PSYoungGen      total 1038336K, used 116156K [0x00000007aba80000, 0x0000000800000000, 0x0000000800000000)
  eden space 922112K, 0% used [0x00000007aba80000,0x00000007aba80000,0x00000007e3f00000)
  from space 116224K, 99% used [0x00000007e3f00000,0x00000007eb06f090,0x00000007eb080000)
  to   space 230912K, 0% used [0x00000007f1e80000,0x00000007f1e80000,0x0000000800000000)
 ParOldGen       total 769536K, used 611499K [0x0000000703000000, 0x0000000731f80000, 0x00000007aba80000)
  object space 769536K, 79% used [0x0000000703000000,0x000000072852ade8,0x0000000731f80000)
 PSPermGen       total 79360K, used 37532K [0x00000006fde00000, 0x0000000702b80000, 0x0000000703000000)
  object space 79360K, 47% used [0x00000006fde00000,0x00000007002a7168,0x0000000702b80000)
}
Event: 54.159 GC heap before
{Heap before GC invocations=25 (full 3):
 PSYoungGen      total 1038336K, used 1038268K [0x00000007aba80000, 0x0000000800000000, 0x0000000800000000)
  eden space 922112K, 100% used [0x00000007aba80000,0x00000007e3f00000,0x00000007e3f00000)
  from space 116224K, 99% used [0x00000007e3f00000,0x00000007eb06f090,0x00000007eb080000)
  to   space 230912K, 0% used [0x00000007f1e80000,0x00000007f1e80000,0x0000000800000000)
 ParOldGen       total 769536K, used 611499K [0x0000000703000000, 0x0000000731f80000, 0x00000007aba80000)
  object space 769536K, 79% used [0x0000000703000000,0x000000072852ade8,0x0000000731f80000)
 PSPermGen       total 79360K, used 43161K [0x00000006fde00000, 0x0000000702b80000, 0x0000000703000000)
  object space 79360K, 54% used [0x00000006fde00000,0x0000000700826740,0x0000000702b80000)
Event: 54.210 GC heap after
Heap after GC invocations=25 (full 3):
 PSYoungGen      total 1147904K, used 121091K [0x00000007aba80000, 0x0000000800000000, 0x0000000800000000)
  eden space 916992K, 0% used [0x00000007aba80000,0x00000007aba80000,0x00000007e3a00000)
  from space 230912K, 52% used [0x00000007f1e80000,0x00000007f94c0f10,0x0000000800000000)
  to   space 232448K, 0% used [0x00000007e3a00000,0x00000007e3a00000,0x00000007f1d00000)
 ParOldGen       total 769536K, used 611499K [0x0000000703000000, 0x0000000731f80000, 0x00000007aba80000)
  object space 769536K, 79% used [0x0000000703000000,0x000000072852ade8,0x0000000731f80000)
 PSPermGen       total 79360K, used 43161K [0x00000006fde00000, 0x0000000702b80000, 0x0000000703000000)
  object space 79360K, 54% used [0x00000006fde00000,0x0000000700826740,0x0000000702b80000)
}
Event: 267.799 GC heap before
{Heap before GC invocations=26 (full 3):
 PSYoungGen      total 1147904K, used 1016364K [0x00000007aba80000, 0x0000000800000000, 0x0000000800000000)
  eden space 916992K, 97% used [0x00000007aba80000,0x00000007e24ca348,0x00000007e3a00000)
  from space 230912K, 52% used [0x00000007f1e80000,0x00000007f94c0f10,0x0000000800000000)
  to   space 232448K, 0% used [0x00000007e3a00000,0x00000007e3a00000,0x00000007f1d00000)
 ParOldGen       total 769536K, used 611499K [0x0000000703000000, 0x0000000731f80000, 0x00000007aba80000)
  object space 769536K, 79% used [0x0000000703000000,0x000000072852ade8,0x0000000731f80000)
 PSPermGen       total 79360K, used 54633K [0x00000006fde00000, 0x0000000702b80000, 0x0000000703000000)
  object space 79360K, 68% used [0x00000006fde00000,0x000000070135a408,0x0000000702b80000)
Event: 267.968 GC heap after
Heap after GC invocations=26 (full 3):
 PSYoungGen      total 1149440K, used 232427K [0x00000007aba80000, 0x0000000800000000, 0x0000000800000000)
  eden space 916992K, 0% used [0x00000007aba80000,0x00000007aba80000,0x00000007e3a00000)
  from space 232448K, 99% used [0x00000007e3a00000,0x00000007f1cfac38,0x00000007f1d00000)
  to   space 232448K, 0% used [0x00000007f1d00000,0x00000007f1d00000,0x0000000800000000)
 ParOldGen       total 769536K, used 761139K [0x0000000703000000, 0x0000000731f80000, 0x00000007aba80000)
  object space 769536K, 98% used [0x0000000703000000,0x000000073174cf50,0x0000000731f80000)
 PSPermGen       total 79360K, used 54633K [0x00000006fde00000, 0x0000000702b80000, 0x0000000703000000)
  object space 79360K, 68% used [0x00000006fde00000,0x000000070135a408,0x0000000702b80000)
}
Event: 267.968 GC heap before
{Heap before GC invocations=27 (full 4):
 PSYoungGen      total 1149440K, used 232427K [0x00000007aba80000, 0x0000000800000000, 0x0000000800000000)
  eden space 916992K, 0% used [0x00000007aba80000,0x00000007aba80000,0x00000007e3a00000)
  from space 232448K, 99% used [0x00000007e3a00000,0x00000007f1cfac38,0x00000007f1d00000)
  to   space 232448K, 0% used [0x00000007f1d00000,0x00000007f1d00000,0x0000000800000000)
 ParOldGen       total 769536K, used 761139K [0x0000000703000000, 0x0000000731f80000, 0x00000007aba80000)
  object space 769536K, 98% used [0x0000000703000000,0x000000073174cf50,0x0000000731f80000)
 PSPermGen       total 79360K, used 54633K [0x00000006fde00000, 0x0000000702b80000, 0x0000000703000000)
  object space 79360K, 68% used [0x00000006fde00000,0x000000070135a408,0x0000000702b80000)
Event: 269.719 GC heap after
Heap after GC invocations=27 (full 4):
 PSYoungGen      total 1149440K, used 220248K [0x00000007aba80000, 0x0000000800000000, 0x0000000800000000)
  eden space 916992K, 0% used [0x00000007aba80000,0x00000007aba80000,0x00000007e3a00000)
  from space 232448K, 94% used [0x00000007e3a00000,0x00000007f1116350,0x00000007f1d00000)
  to   space 232448K, 0% used [0x00000007f1d00000,0x00000007f1d00000,0x0000000800000000)
 ParOldGen       total 769536K, used 769032K [0x0000000703000000, 0x0000000731f80000, 0x00000007aba80000)
  object space 769536K, 99% used [0x0000000703000000,0x0000000731f02088,0x0000000731f80000)
 PSPermGen       total 83968K, used 54570K [0x00000006fde00000, 0x0000000703000000, 0x0000000703000000)
  object space 83968K, 64% used [0x00000006fde00000,0x000000070134a888,0x0000000703000000)
}

