# JRE version: Java(TM) SE Runtime Environment (7.0_80-b15) (build 1.7.0_80-b15)
# Java VM: Java HotSpot(TM) 64-Bit Server VM (24.80-b11 mixed mode windows-amd64 compressed oops)
Heap
 PSYoungGen      total 589312K, used 432568K [0x00000007cd680000, 0x0000000800000000, 0x0000000800000000)
  eden space 349696K, 74% used [0x00000007cd680000,0x00000007dd5aca58,0x00000007e2c00000)
  from space 239616K, 71% used [0x00000007e2c00000,0x00000007ed341750,0x00000007f1600000)
  to   space 239616K, 0% used [0x00000007f1600000,0x00000007f1600000,0x0000000800000000)
 ParOldGen       total 817152K, used 816778K [0x0000000768400000, 0x000000079a200000, 0x00000007cd680000)
  object space 817152K, 99% used [0x0000000768400000,0x000000079a1a2bb0,0x000000079a200000)
 PSPermGen       total 83968K, used 57450K [0x0000000763200000, 0x0000000768400000, 0x0000000768400000)
  object space 83968K, 68% used [0x0000000763200000,0x0000000766a1ab58,0x0000000768400000)
GC Heap History (10 events):
Event: 94.210 GC heap before
{Heap before GC invocations=34 (full 4):
 PSYoungGen      total 620032K, used 517141K [0x00000007cd680000, 0x00000007ffc80000, 0x0000000800000000)
  eden space 419328K, 100% used [0x00000007cd680000,0x00000007e7000000,0x00000007e7000000)
  from space 200704K, 48% used [0x00000007e7000000,0x00000007ecf85510,0x00000007f3400000)
  to   space 197632K, 0% used [0x00000007f3b80000,0x00000007f3b80000,0x00000007ffc80000)
 ParOldGen       total 817152K, used 611350K [0x0000000768400000, 0x000000079a200000, 0x00000007cd680000)
  object space 817152K, 74% used [0x0000000768400000,0x000000078d905a00,0x000000079a200000)
 PSPermGen       total 73216K, used 39166K [0x0000000763200000, 0x0000000767980000, 0x0000000768400000)
  object space 73216K, 53% used [0x0000000763200000,0x000000076583faf0,0x0000000767980000)
Event: 94.258 GC heap after
Heap after GC invocations=34 (full 4):
 PSYoungGen      total 627712K, used 107067K [0x00000007cd680000, 0x00000007ffd00000, 0x0000000800000000)
  eden space 430080K, 0% used [0x00000007cd680000,0x00000007cd680000,0x00000007e7a80000)
  from space 197632K, 54% used [0x00000007f3b80000,0x00000007fa40eee8,0x00000007ffc80000)
  to   space 197632K, 0% used [0x00000007e7a80000,0x00000007e7a80000,0x00000007f3b80000)
 ParOldGen       total 817152K, used 611350K [0x0000000768400000, 0x000000079a200000, 0x00000007cd680000)
  object space 817152K, 74% used [0x0000000768400000,0x000000078d905a00,0x000000079a200000)
 PSPermGen       total 73216K, used 39166K [0x0000000763200000, 0x0000000767980000, 0x0000000768400000)
  object space 73216K, 53% used [0x0000000763200000,0x000000076583faf0,0x0000000767980000)
}
Event: 104.941 GC heap before
{Heap before GC invocations=35 (full 4):
 PSYoungGen      total 627712K, used 537147K [0x00000007cd680000, 0x00000007ffd00000, 0x0000000800000000)
  eden space 430080K, 100% used [0x00000007cd680000,0x00000007e7a80000,0x00000007e7a80000)
  from space 197632K, 54% used [0x00000007f3b80000,0x00000007fa40eee8,0x00000007ffc80000)
  to   space 197632K, 0% used [0x00000007e7a80000,0x00000007e7a80000,0x00000007f3b80000)
 ParOldGen       total 817152K, used 611350K [0x0000000768400000, 0x000000079a200000, 0x00000007cd680000)
  object space 817152K, 74% used [0x0000000768400000,0x000000078d905a00,0x000000079a200000)
 PSPermGen       total 73216K, used 43361K [0x0000000763200000, 0x0000000767980000, 0x0000000768400000)
  object space 73216K, 59% used [0x0000000763200000,0x0000000765c585d0,0x0000000767980000)
Event: 104.963 GC heap after
Heap after GC invocations=35 (full 4):
 PSYoungGen      total 478720K, used 48355K [0x00000007cd680000, 0x00000007ff200000, 0x0000000800000000)
  eden space 430080K, 0% used [0x00000007cd680000,0x00000007cd680000,0x00000007e7a80000)
  from space 48640K, 99% used [0x00000007e7a80000,0x00000007ea9b8f48,0x00000007eaa00000)
  to   space 190464K, 0% used [0x00000007f3800000,0x00000007f3800000,0x00000007ff200000)
 ParOldGen       total 817152K, used 611350K [0x0000000768400000, 0x000000079a200000, 0x00000007cd680000)
  object space 817152K, 74% used [0x0000000768400000,0x000000078d905a00,0x000000079a200000)
 PSPermGen       total 73216K, used 43361K [0x0000000763200000, 0x0000000767980000, 0x0000000768400000)
  object space 73216K, 59% used [0x0000000763200000,0x0000000765c585d0,0x0000000767980000)
}
Event: 107.409 GC heap before
{Heap before GC invocations=36 (full 4):
 PSYoungGen      total 478720K, used 478435K [0x00000007cd680000, 0x00000007ff200000, 0x0000000800000000)
  eden space 430080K, 100% used [0x00000007cd680000,0x00000007e7a80000,0x00000007e7a80000)
  from space 48640K, 99% used [0x00000007e7a80000,0x00000007ea9b8f48,0x00000007eaa00000)
  to   space 190464K, 0% used [0x00000007f3800000,0x00000007f3800000,0x00000007ff200000)
 ParOldGen       total 817152K, used 611350K [0x0000000768400000, 0x000000079a200000, 0x00000007cd680000)
  object space 817152K, 74% used [0x0000000768400000,0x000000078d905a00,0x000000079a200000)
 PSPermGen       total 73216K, used 52376K [0x0000000763200000, 0x0000000767980000, 0x0000000768400000)
  object space 73216K, 71% used [0x0000000763200000,0x0000000766526020,0x0000000767980000)
Event: 107.545 GC heap after
Heap after GC invocations=36 (full 4):
 PSYoungGen      total 540160K, used 190457K [0x00000007cd680000, 0x0000000800000000, 0x0000000800000000)
  eden space 349696K, 0% used [0x00000007cd680000,0x00000007cd680000,0x00000007e2c00000)
  from space 190464K, 99% used [0x00000007f3800000,0x00000007ff1fe688,0x00000007ff200000)
  to   space 239616K, 0% used [0x00000007e2c00000,0x00000007e2c00000,0x00000007f1600000)
 ParOldGen       total 817152K, used 659726K [0x0000000768400000, 0x000000079a200000, 0x00000007cd680000)
  object space 817152K, 80% used [0x0000000768400000,0x0000000790843950,0x000000079a200000)
 PSPermGen       total 73216K, used 52376K [0x0000000763200000, 0x0000000767980000, 0x0000000768400000)
  object space 73216K, 71% used [0x0000000763200000,0x0000000766526020,0x0000000767980000)
}
Event: 109.515 GC heap before
{Heap before GC invocations=37 (full 4):
 PSYoungGen      total 540160K, used 490833K [0x00000007cd680000, 0x0000000800000000, 0x0000000800000000)
  eden space 349696K, 85% used [0x00000007cd680000,0x00000007dfbd5ea8,0x00000007e2c00000)
  from space 190464K, 99% used [0x00000007f3800000,0x00000007ff1fe688,0x00000007ff200000)
  to   space 239616K, 0% used [0x00000007e2c00000,0x00000007e2c00000,0x00000007f1600000)
 ParOldGen       total 817152K, used 659726K [0x0000000768400000, 0x000000079a200000, 0x00000007cd680000)
  object space 817152K, 80% used [0x0000000768400000,0x0000000790843950,0x000000079a200000)
 PSPermGen       total 73216K, used 53739K [0x0000000763200000, 0x0000000767980000, 0x0000000768400000)
  object space 73216K, 73% used [0x0000000763200000,0x000000076667aef0,0x0000000767980000)
Event: 109.666 GC heap after
Heap after GC invocations=37 (full 4):
 PSYoungGen      total 589312K, used 239616K [0x00000007cd680000, 0x0000000800000000, 0x0000000800000000)
  eden space 349696K, 0% used [0x00000007cd680000,0x00000007cd680000,0x00000007e2c00000)
  from space 239616K, 100% used [0x00000007e2c00000,0x00000007f1600000,0x00000007f1600000)
  to   space 239616K, 0% used [0x00000007f1600000,0x00000007f1600000,0x0000000800000000)
 ParOldGen       total 817152K, used 753951K [0x0000000768400000, 0x000000079a200000, 0x00000007cd680000)
  object space 817152K, 92% used [0x0000000768400000,0x0000000796447dd8,0x000000079a200000)
 PSPermGen       total 73216K, used 53739K [0x0000000763200000, 0x0000000767980000, 0x0000000768400000)
  object space 73216K, 73% used [0x0000000763200000,0x000000076667aef0,0x0000000767980000)
}
Event: 109.666 GC heap before
{Heap before GC invocations=38 (full 5):
 PSYoungGen      total 589312K, used 239616K [0x00000007cd680000, 0x0000000800000000, 0x0000000800000000)
  eden space 349696K, 0% used [0x00000007cd680000,0x00000007cd680000,0x00000007e2c00000)
  from space 239616K, 100% used [0x00000007e2c00000,0x00000007f1600000,0x00000007f1600000)
  to   space 239616K, 0% used [0x00000007f1600000,0x00000007f1600000,0x0000000800000000)
 ParOldGen       total 817152K, used 753951K [0x0000000768400000, 0x000000079a200000, 0x00000007cd680000)
  object space 817152K, 92% used [0x0000000768400000,0x0000000796447dd8,0x000000079a200000)
 PSPermGen       total 73216K, used 53739K [0x0000000763200000, 0x0000000767980000, 0x0000000768400000)
  object space 73216K, 73% used [0x0000000763200000,0x000000076667aef0,0x0000000767980000)
Event: 112.213 GC heap after
Heap after GC invocations=38 (full 5):
 PSYoungGen      total 589312K, used 171269K [0x00000007cd680000, 0x0000000800000000, 0x0000000800000000)
  eden space 349696K, 0% used [0x00000007cd680000,0x00000007cd680000,0x00000007e2c00000)
  from space 239616K, 71% used [0x00000007e2c00000,0x00000007ed341750,0x00000007f1600000)
  to   space 239616K, 0% used [0x00000007f1600000,0x00000007f1600000,0x0000000800000000)
 ParOldGen       total 817152K, used 816778K [0x0000000768400000, 0x000000079a200000, 0x00000007cd680000)
  object space 817152K, 99% used [0x0000000768400000,0x000000079a1a2bb0,0x000000079a200000)
 PSPermGen       total 83968K, used 53733K [0x0000000763200000, 0x0000000768400000, 0x0000000768400000)
  object space 83968K, 63% used [0x0000000763200000,0x00000007666794d0,0x0000000768400000)
}

