# JRE version: Java(TM) SE Runtime Environment (7.0_80-b15) (build 1.7.0_80-b15)
# Java VM: Java HotSpot(TM) 64-Bit Server VM (24.80-b11 mixed mode windows-amd64 compressed oops)
Heap
 PSYoungGen      total 552960K, used 101421K [0x00000007cd680000, 0x0000000800000000, 0x0000000800000000)
  eden space 276992K, 36% used [0x00000007cd680000,0x00000007d398b478,0x00000007de500000)
  from space 275968K, 0% used [0x00000007de500000,0x00000007de500000,0x00000007ef280000)
  to   space 275968K, 0% used [0x00000007ef280000,0x00000007ef280000,0x0000000800000000)
 ParOldGen       total 1221120K, used 998380K [0x0000000768400000, 0x00000007b2c80000, 0x00000007cd680000)
  object space 1221120K, 81% used [0x0000000768400000,0x00000007a52fb0a8,0x00000007b2c80000)
 PSPermGen       total 83968K, used 54863K [0x0000000763200000, 0x0000000768400000, 0x0000000768400000)
  object space 83968K, 65% used [0x0000000763200000,0x0000000766793e40,0x0000000768400000)
GC Heap History (10 events):
Event: 123.315 GC heap before
{Heap before GC invocations=53 (full 4):
 PSYoungGen      total 534528K, used 393103K [0x00000007cd680000, 0x00000007fa680000, 0x0000000800000000)
  eden space 340992K, 100% used [0x00000007cd680000,0x00000007e2380000,0x00000007e2380000)
  from space 193536K, 26% used [0x00000007ee980000,0x00000007f1c63fb8,0x00000007fa680000)
  to   space 198144K, 0% used [0x00000007e2380000,0x00000007e2380000,0x00000007ee500000)
 ParOldGen       total 806400K, used 611394K [0x0000000768400000, 0x0000000799780000, 0x00000007cd680000)
  object space 806400K, 75% used [0x0000000768400000,0x000000078d910b50,0x0000000799780000)
 PSPermGen       total 73216K, used 52591K [0x0000000763200000, 0x0000000767980000, 0x0000000768400000)
  object space 73216K, 71% used [0x0000000763200000,0x000000076655be08,0x0000000767980000)
Event: 123.446 GC heap after
Heap after GC invocations=53 (full 4):
 PSYoungGen      total 539136K, used 198121K [0x00000007cd680000, 0x0000000800000000, 0x0000000800000000)
  eden space 340992K, 0% used [0x00000007cd680000,0x00000007cd680000,0x00000007e2380000)
  from space 198144K, 99% used [0x00000007e2380000,0x00000007ee4fa7c0,0x00000007ee500000)
  to   space 247296K, 0% used [0x00000007f0e80000,0x00000007f0e80000,0x0000000800000000)
 ParOldGen       total 806400K, used 661437K [0x0000000768400000, 0x0000000799780000, 0x00000007cd680000)
  object space 806400K, 82% used [0x0000000768400000,0x00000007909ef580,0x0000000799780000)
 PSPermGen       total 73216K, used 52591K [0x0000000763200000, 0x0000000767980000, 0x0000000768400000)
  object space 73216K, 71% used [0x0000000763200000,0x000000076655be08,0x0000000767980000)
}
Event: 125.001 GC heap before
{Heap before GC invocations=54 (full 4):
 PSYoungGen      total 539136K, used 539113K [0x00000007cd680000, 0x0000000800000000, 0x0000000800000000)
  eden space 340992K, 100% used [0x00000007cd680000,0x00000007e2380000,0x00000007e2380000)
  from space 198144K, 99% used [0x00000007e2380000,0x00000007ee4fa7c0,0x00000007ee500000)
  to   space 247296K, 0% used [0x00000007f0e80000,0x00000007f0e80000,0x0000000800000000)
 ParOldGen       total 806400K, used 661437K [0x0000000768400000, 0x0000000799780000, 0x00000007cd680000)
  object space 806400K, 82% used [0x0000000768400000,0x00000007909ef580,0x0000000799780000)
 PSPermGen       total 73216K, used 53383K [0x0000000763200000, 0x0000000767980000, 0x0000000768400000)
  object space 73216K, 72% used [0x0000000763200000,0x0000000766621ee8,0x0000000767980000)
Event: 125.195 GC heap after
Heap after GC invocations=54 (full 4):
 PSYoungGen      total 524288K, used 247264K [0x00000007cd680000, 0x0000000800000000, 0x0000000800000000)
  eden space 276992K, 0% used [0x00000007cd680000,0x00000007cd680000,0x00000007de500000)
  from space 247296K, 99% used [0x00000007f0e80000,0x00000007ffff8010,0x0000000800000000)
  to   space 275968K, 0% used [0x00000007de500000,0x00000007de500000,0x00000007ef280000)
 ParOldGen       total 806400K, used 756144K [0x0000000768400000, 0x0000000799780000, 0x00000007cd680000)
  object space 806400K, 93% used [0x0000000768400000,0x000000079666c328,0x0000000799780000)
 PSPermGen       total 73216K, used 53383K [0x0000000763200000, 0x0000000767980000, 0x0000000768400000)
  object space 73216K, 72% used [0x0000000763200000,0x0000000766621ee8,0x0000000767980000)
}
Event: 125.195 GC heap before
{Heap before GC invocations=55 (full 5):
 PSYoungGen      total 524288K, used 247264K [0x00000007cd680000, 0x0000000800000000, 0x0000000800000000)
  eden space 276992K, 0% used [0x00000007cd680000,0x00000007cd680000,0x00000007de500000)
  from space 247296K, 99% used [0x00000007f0e80000,0x00000007ffff8010,0x0000000800000000)
  to   space 275968K, 0% used [0x00000007de500000,0x00000007de500000,0x00000007ef280000)
 ParOldGen       total 806400K, used 756144K [0x0000000768400000, 0x0000000799780000, 0x00000007cd680000)
  object space 806400K, 93% used [0x0000000768400000,0x000000079666c328,0x0000000799780000)
 PSPermGen       total 73216K, used 53383K [0x0000000763200000, 0x0000000767980000, 0x0000000768400000)
  object space 73216K, 72% used [0x0000000763200000,0x0000000766621ee8,0x0000000767980000)
Event: 127.484 GC heap after
Heap after GC invocations=55 (full 5):
 PSYoungGen      total 524288K, used 188587K [0x00000007cd680000, 0x0000000800000000, 0x0000000800000000)
  eden space 276992K, 0% used [0x00000007cd680000,0x00000007cd680000,0x00000007de500000)
  from space 247296K, 76% used [0x00000007f0e80000,0x00000007fc6aaf30,0x0000000800000000)
  to   space 275968K, 0% used [0x00000007de500000,0x00000007de500000,0x00000007ef280000)
 ParOldGen       total 1221120K, used 806001K [0x0000000768400000, 0x00000007b2c80000, 0x00000007cd680000)
  object space 1221120K, 66% used [0x0000000768400000,0x000000079971c600,0x00000007b2c80000)
 PSPermGen       total 83968K, used 53377K [0x0000000763200000, 0x0000000768400000, 0x0000000768400000)
  object space 83968K, 63% used [0x0000000763200000,0x0000000766620420,0x0000000768400000)
}
Event: 128.144 GC heap before
{Heap before GC invocations=56 (full 5):
 PSYoungGen      total 524288K, used 261688K [0x00000007cd680000, 0x0000000800000000, 0x0000000800000000)
  eden space 276992K, 26% used [0x00000007cd680000,0x00000007d1de3468,0x00000007de500000)
  from space 247296K, 76% used [0x00000007f0e80000,0x00000007fc6aaf30,0x0000000800000000)
  to   space 275968K, 0% used [0x00000007de500000,0x00000007de500000,0x00000007ef280000)
 ParOldGen       total 1221120K, used 806001K [0x0000000768400000, 0x00000007b2c80000, 0x00000007cd680000)
  object space 1221120K, 66% used [0x0000000768400000,0x000000079971c600,0x00000007b2c80000)
 PSPermGen       total 83968K, used 54061K [0x0000000763200000, 0x0000000768400000, 0x0000000768400000)
  object space 83968K, 64% used [0x0000000763200000,0x00000007666cb6c8,0x0000000768400000)
Event: 128.295 GC heap after
Heap after GC invocations=56 (full 5):
 PSYoungGen      total 552960K, used 193074K [0x00000007cd680000, 0x0000000800000000, 0x0000000800000000)
  eden space 276992K, 0% used [0x00000007cd680000,0x00000007cd680000,0x00000007de500000)
  from space 275968K, 69% used [0x00000007de500000,0x00000007ea18c848,0x00000007ef280000)
  to   space 275968K, 0% used [0x00000007ef280000,0x00000007ef280000,0x0000000800000000)
 ParOldGen       total 1221120K, used 806001K [0x0000000768400000, 0x00000007b2c80000, 0x00000007cd680000)
  object space 1221120K, 66% used [0x0000000768400000,0x000000079971c600,0x00000007b2c80000)
 PSPermGen       total 83968K, used 54061K [0x0000000763200000, 0x0000000768400000, 0x0000000768400000)
  object space 83968K, 64% used [0x0000000763200000,0x00000007666cb6c8,0x0000000768400000)
}
Event: 128.295 GC heap before
{Heap before GC invocations=57 (full 6):
 PSYoungGen      total 552960K, used 193074K [0x00000007cd680000, 0x0000000800000000, 0x0000000800000000)
  eden space 276992K, 0% used [0x00000007cd680000,0x00000007cd680000,0x00000007de500000)
  from space 275968K, 69% used [0x00000007de500000,0x00000007ea18c848,0x00000007ef280000)
  to   space 275968K, 0% used [0x00000007ef280000,0x00000007ef280000,0x0000000800000000)
 ParOldGen       total 1221120K, used 806001K [0x0000000768400000, 0x00000007b2c80000, 0x00000007cd680000)
  object space 1221120K, 66% used [0x0000000768400000,0x000000079971c600,0x00000007b2c80000)
 PSPermGen       total 83968K, used 54061K [0x0000000763200000, 0x0000000768400000, 0x0000000768400000)
  object space 83968K, 64% used [0x0000000763200000,0x00000007666cb6c8,0x0000000768400000)
Event: 129.946 GC heap after
Heap after GC invocations=57 (full 6):
 PSYoungGen      total 552960K, used 0K [0x00000007cd680000, 0x0000000800000000, 0x0000000800000000)
  eden space 276992K, 0% used [0x00000007cd680000,0x00000007cd680000,0x00000007de500000)
  from space 275968K, 0% used [0x00000007de500000,0x00000007de500000,0x00000007ef280000)
  to   space 275968K, 0% used [0x00000007ef280000,0x00000007ef280000,0x0000000800000000)
 ParOldGen       total 1221120K, used 998380K [0x0000000768400000, 0x00000007b2c80000, 0x00000007cd680000)
  object space 1221120K, 81% used [0x0000000768400000,0x00000007a52fb0a8,0x00000007b2c80000)
 PSPermGen       total 83968K, used 54061K [0x0000000763200000, 0x0000000768400000, 0x0000000768400000)
  object space 83968K, 64% used [0x0000000763200000,0x00000007666cb480,0x0000000768400000)
}

